<?xml version="1.0" encoding="UTF-8"?>
<testng-results ignored="0" total="1" passed="1" failed="0" skipped="0">
  <reporter-output>
  </reporter-output>
  <suite started-at="2022-02-02T00:08:49 PST" name="hitachi Suite" finished-at="2022-02-02T00:09:10 PST" duration-ms="20640">
    <groups>
    </groups>
    <test started-at="2022-02-02T00:08:49 PST" name="Login test" finished-at="2022-02-02T00:09:10 PST" duration-ms="20640">
      <class name="linkedin.sample.TestScenarioClass">
        <test-method signature="verifyLinkenInLoginLogout(java.lang.String,java.lang.String)[pri:0, instance:linkedin.sample.TestScenarioClass@41e1e210]" started-at="2022-02-02T00:08:50 PST" name="verifyLinkenInLoginLogout" finished-at="2022-02-02T00:09:10 PST" duration-ms="20477" status="PASS">
          <params>
            <param index="0">
              <value>
                <![CDATA[suredurga.285@gmail.com]]>
              </value>
            </param>
            <param index="1">
              <value>
                <![CDATA[Sai@2805]]>
              </value>
            </param>
          </params>
          <reporter-output>
          </reporter-output>
        </test-method> <!-- verifyLinkenInLoginLogout -->
        <test-method is-config="true" signature="quitTest()[pri:0, instance:linkedin.sample.TestScenarioClass@41e1e210]" started-at="2022-02-02T00:09:10 PST" name="quitTest" finished-at="2022-02-02T00:09:10 PST" duration-ms="136" status="PASS">
          <reporter-output>
          </reporter-output>
        </test-method> <!-- quitTest -->
      </class> <!-- linkedin.sample.TestScenarioClass -->
    </test> <!-- Login test -->
  </suite> <!-- hitachi Suite -->
</testng-results>
